GET /userInfo?name=james - 4.ms ts: 14:34:56
GET /userInfo?name=james - 4.ms, 2024/8/21 14:37:02
GET / - 4.ms, 2025/7/27 15:35:27 
GET /favicon.ico - 1.ms, 2025/7/27 15:35:28 
GET / - 0.ms, 2025/7/27 15:36:13 
GET /redis/get?name=123 - 2.ms, 2025/7/27 15:36:55 
GET /redis/get?name=age - 1.ms, 2025/7/27 15:37:11 
GET /redis/get?name=123 - 1.ms, 2025/7/27 15:37:20 
GET / - 3.ms, 2025/7/27 15:47:16 
GET / - 4.ms, 2025/7/27 15:59:57 
GET / - 1.ms, 2025/7/27 16:00:13 
GET /redis/get?name=name - 4.ms, 2025/7/27 17:34:42 
GET /redis/get?name=name - 5.ms, 2025/7/27 17:35:35 
POST /redis/set - 1.ms, 2025/7/27 17:37:01 
GET /redis/get?name=name - 2.ms, 2025/7/27 17:37:05 
GET /redis/get?name=name - 5.ms, 2025/7/27 17:37:54 
POST /redis/set - 1.ms, 2025/7/27 17:38:01 
GET /redis/get?name=name - 1.ms, 2025/7/27 17:38:31 
POST /redis/set - 3.ms, 2025/7/27 17:39:26 
POST /redis/set - 2.ms, 2025/7/27 17:39:53 
GET /redis/get?name=name - 3.ms, 2025/7/27 17:39:57 
GET / - 5.ms, 2025/7/27 17:42:05 
GET /favicon.ico - 2.ms, 2025/7/27 17:42:06 
GET / - 2.ms, 2025/7/27 17:42:06 
